<?xml version="1.0" encoding="UTF-8"?>
<!-- Generated by org.testng.reporters.JUnitReportReporter -->
<testsuite hostname="DESKTOP-3VNTAOC" failures="0" tests="1" name="mercadoLibre.Camisetas_test" time="35.006" errors="0" timestamp="2022-03-09T22:45:09 UYT" skipped="0">
  <testcase classname="mercadoLibre.Camisetas_test" name="f" time="35.006"/>
  <system-out/>
</testsuite> <!-- mercadoLibre.Camisetas_test -->
